<?xml version="1.0" encoding="UTF-8"?>
<testng-results ignored="0" total="14" passed="14" failed="0" skipped="0">
  <reporter-output>
  </reporter-output>
  <suite started-at="2026-02-12T15:54:12 IST" name="Flipkart Automation Suite" finished-at="2026-02-12T15:58:29 IST" duration-ms="256701">
    <groups>
      <group name="cucumber">
        <method signature="AbstractTestNGCucumberTests.runScenario(io.cucumber.testng.PickleWrapper,io.cucumber.testng.FeatureWrapper)[pri:0, instance:com.flipkart.runners.TestRunner@564fabc8]" name="runScenario" class="io.cucumber.testng.AbstractTestNGCucumberTests"/>
      </group> <!-- cucumber -->
    </groups>
    <test started-at="2026-02-12T15:54:12 IST" name="Flipkart Tests" finished-at="2026-02-12T15:58:29 IST" duration-ms="256701">
      <class name="com.flipkart.runners.TestRunner">
        <test-method is-config="true" signature="setUpClass(org.testng.ITestContext)[pri:0, instance:com.flipkart.runners.TestRunner@564fabc8]" started-at="2026-02-12T15:54:12 IST" name="setUpClass" finished-at="2026-02-12T15:54:13 IST" duration-ms="949" status="PASS">
          <params>
            <param index="0">
              <value>
                <![CDATA[org.testng.TestRunner@49f2646]]>
              </value>
            </param>
          </params>
          <reporter-output>
          </reporter-output>
        </test-method> <!-- setUpClass -->
        <test-method signature="runScenario(io.cucumber.testng.PickleWrapper,io.cucumber.testng.FeatureWrapper)[pri:0, instance:com.flipkart.runners.TestRunner@564fabc8]" started-at="2026-02-12T15:54:13 IST" name="runScenario" description="Runs Cucumber Scenarios" data-provider="scenarios" finished-at="2026-02-12T15:54:30 IST" duration-ms="16542" status="PASS">
          <params>
            <param index="0">
              <value>
                <![CDATA["Verify Flipkart home page loads successfully"]]>
              </value>
            </param>
            <param index="1">
              <value>
                <![CDATA["Flipkart Home Page"]]>
              </value>
            </param>
          </params>
          <reporter-output>
          </reporter-output>
        </test-method> <!-- runScenario -->
        <test-method signature="runScenario(io.cucumber.testng.PickleWrapper,io.cucumber.testng.FeatureWrapper)[pri:0, instance:com.flipkart.runners.TestRunner@564fabc8]" started-at="2026-02-12T15:54:30 IST" name="runScenario" description="Runs Cucumber Scenarios" data-provider="scenarios" finished-at="2026-02-12T15:54:45 IST" duration-ms="15219" status="PASS">
          <params>
            <param index="0">
              <value>
                <![CDATA["Verify search box is present on home page"]]>
              </value>
            </param>
            <param index="1">
              <value>
                <![CDATA["Flipkart Home Page"]]>
              </value>
            </param>
          </params>
          <reporter-output>
          </reporter-output>
        </test-method> <!-- runScenario -->
        <test-method signature="runScenario(io.cucumber.testng.PickleWrapper,io.cucumber.testng.FeatureWrapper)[pri:0, instance:com.flipkart.runners.TestRunner@564fabc8]" started-at="2026-02-12T15:54:45 IST" name="runScenario" description="Runs Cucumber Scenarios" data-provider="scenarios" finished-at="2026-02-12T15:54:59 IST" duration-ms="14155" status="PASS">
          <params>
            <param index="0">
              <value>
                <![CDATA["Verify category menu items are displayed"]]>
              </value>
            </param>
            <param index="1">
              <value>
                <![CDATA["Flipkart Home Page"]]>
              </value>
            </param>
          </params>
          <reporter-output>
          </reporter-output>
        </test-method> <!-- runScenario -->
        <test-method signature="runScenario(io.cucumber.testng.PickleWrapper,io.cucumber.testng.FeatureWrapper)[pri:0, instance:com.flipkart.runners.TestRunner@564fabc8]" started-at="2026-02-12T15:54:59 IST" name="runScenario" description="Runs Cucumber Scenarios" data-provider="scenarios" finished-at="2026-02-12T15:55:17 IST" duration-ms="17443" status="PASS">
          <params>
            <param index="0">
              <value>
                <![CDATA["Search for a valid product"]]>
              </value>
            </param>
            <param index="1">
              <value>
                <![CDATA["Flipkart Home Page"]]>
              </value>
            </param>
          </params>
          <reporter-output>
          </reporter-output>
        </test-method> <!-- runScenario -->
        <test-method signature="runScenario(io.cucumber.testng.PickleWrapper,io.cucumber.testng.FeatureWrapper)[pri:0, instance:com.flipkart.runners.TestRunner@564fabc8]" started-at="2026-02-12T15:55:17 IST" name="runScenario" description="Runs Cucumber Scenarios" data-provider="scenarios" finished-at="2026-02-12T15:55:36 IST" duration-ms="19512" status="PASS">
          <params>
            <param index="0">
              <value>
                <![CDATA["Search with invalid product"]]>
              </value>
            </param>
            <param index="1">
              <value>
                <![CDATA["Flipkart Home Page"]]>
              </value>
            </param>
          </params>
          <reporter-output>
          </reporter-output>
        </test-method> <!-- runScenario -->
        <test-method signature="runScenario(io.cucumber.testng.PickleWrapper,io.cucumber.testng.FeatureWrapper)[pri:0, instance:com.flipkart.runners.TestRunner@564fabc8]" started-at="2026-02-12T15:55:36 IST" name="runScenario" description="Runs Cucumber Scenarios" data-provider="scenarios" finished-at="2026-02-12T15:55:56 IST" duration-ms="19824" status="PASS">
          <params>
            <param index="0">
              <value>
                <![CDATA["Search with special characters"]]>
              </value>
            </param>
            <param index="1">
              <value>
                <![CDATA["Flipkart Home Page"]]>
              </value>
            </param>
          </params>
          <reporter-output>
          </reporter-output>
        </test-method> <!-- runScenario -->
        <test-method signature="runScenario(io.cucumber.testng.PickleWrapper,io.cucumber.testng.FeatureWrapper)[pri:0, instance:com.flipkart.runners.TestRunner@564fabc8]" started-at="2026-02-12T15:55:56 IST" name="runScenario" description="Runs Cucumber Scenarios" data-provider="scenarios" finished-at="2026-02-12T15:56:15 IST" duration-ms="19051" status="PASS">
          <params>
            <param index="0">
              <value>
                <![CDATA["Verify product listing displays multiple products"]]>
              </value>
            </param>
            <param index="1">
              <value>
                <![CDATA["Flipkart Home Page"]]>
              </value>
            </param>
          </params>
          <reporter-output>
          </reporter-output>
        </test-method> <!-- runScenario -->
        <test-method signature="runScenario(io.cucumber.testng.PickleWrapper,io.cucumber.testng.FeatureWrapper)[pri:0, instance:com.flipkart.runners.TestRunner@564fabc8]" started-at="2026-02-12T15:56:15 IST" name="runScenario" description="Runs Cucumber Scenarios" data-provider="scenarios" finished-at="2026-02-12T15:56:35 IST" duration-ms="19460" status="PASS">
          <params>
            <param index="0">
              <value>
                <![CDATA["Apply price filter and verify filtered results"]]>
              </value>
            </param>
            <param index="1">
              <value>
                <![CDATA["Flipkart Home Page"]]>
              </value>
            </param>
          </params>
          <reporter-output>
          </reporter-output>
        </test-method> <!-- runScenario -->
        <test-method signature="runScenario(io.cucumber.testng.PickleWrapper,io.cucumber.testng.FeatureWrapper)[pri:0, instance:com.flipkart.runners.TestRunner@564fabc8]" started-at="2026-02-12T15:56:35 IST" name="runScenario" description="Runs Cucumber Scenarios" data-provider="scenarios" finished-at="2026-02-12T15:56:54 IST" duration-ms="19165" status="PASS">
          <params>
            <param index="0">
              <value>
                <![CDATA["Sort products by Price Low to High"]]>
              </value>
            </param>
            <param index="1">
              <value>
                <![CDATA["Flipkart Home Page"]]>
              </value>
            </param>
          </params>
          <reporter-output>
          </reporter-output>
        </test-method> <!-- runScenario -->
        <test-method signature="runScenario(io.cucumber.testng.PickleWrapper,io.cucumber.testng.FeatureWrapper)[pri:0, instance:com.flipkart.runners.TestRunner@564fabc8]" started-at="2026-02-12T15:56:54 IST" name="runScenario" description="Runs Cucumber Scenarios" data-provider="scenarios" finished-at="2026-02-12T15:57:13 IST" duration-ms="19100" status="PASS">
          <params>
            <param index="0">
              <value>
                <![CDATA["Sort products by Price High to Low"]]>
              </value>
            </param>
            <param index="1">
              <value>
                <![CDATA["Flipkart Home Page"]]>
              </value>
            </param>
          </params>
          <reporter-output>
          </reporter-output>
        </test-method> <!-- runScenario -->
        <test-method signature="runScenario(io.cucumber.testng.PickleWrapper,io.cucumber.testng.FeatureWrapper)[pri:0, instance:com.flipkart.runners.TestRunner@564fabc8]" started-at="2026-02-12T15:57:13 IST" name="runScenario" description="Runs Cucumber Scenarios" data-provider="scenarios" finished-at="2026-02-12T15:57:32 IST" duration-ms="19096" status="PASS">
          <params>
            <param index="0">
              <value>
                <![CDATA["Verify product details page"]]>
              </value>
            </param>
            <param index="1">
              <value>
                <![CDATA["Flipkart Home Page"]]>
              </value>
            </param>
          </params>
          <reporter-output>
          </reporter-output>
        </test-method> <!-- runScenario -->
        <test-method signature="runScenario(io.cucumber.testng.PickleWrapper,io.cucumber.testng.FeatureWrapper)[pri:0, instance:com.flipkart.runners.TestRunner@564fabc8]" started-at="2026-02-12T15:57:32 IST" name="runScenario" description="Runs Cucumber Scenarios" data-provider="scenarios" finished-at="2026-02-12T15:57:54 IST" duration-ms="22538" status="PASS">
          <params>
            <param index="0">
              <value>
                <![CDATA["Verify product details components"]]>
              </value>
            </param>
            <param index="1">
              <value>
                <![CDATA["Flipkart Home Page"]]>
              </value>
            </param>
          </params>
          <reporter-output>
          </reporter-output>
        </test-method> <!-- runScenario -->
        <test-method signature="runScenario(io.cucumber.testng.PickleWrapper,io.cucumber.testng.FeatureWrapper)[pri:0, instance:com.flipkart.runners.TestRunner@564fabc8]" started-at="2026-02-12T15:57:54 IST" name="runScenario" description="Runs Cucumber Scenarios" data-provider="scenarios" finished-at="2026-02-12T15:58:16 IST" duration-ms="21416" status="PASS">
          <params>
            <param index="0">
              <value>
                <![CDATA["Add product to cart and verify"]]>
              </value>
            </param>
            <param index="1">
              <value>
                <![CDATA["Flipkart Home Page"]]>
              </value>
            </param>
          </params>
          <reporter-output>
          </reporter-output>
        </test-method> <!-- runScenario -->
        <test-method signature="runScenario(io.cucumber.testng.PickleWrapper,io.cucumber.testng.FeatureWrapper)[pri:0, instance:com.flipkart.runners.TestRunner@564fabc8]" started-at="2026-02-12T15:58:16 IST" name="runScenario" description="Runs Cucumber Scenarios" data-provider="scenarios" finished-at="2026-02-12T15:58:28 IST" duration-ms="12578" status="PASS">
          <params>
            <param index="0">
              <value>
                <![CDATA["Verify Navigation functionality"]]>
              </value>
            </param>
            <param index="1">
              <value>
                <![CDATA["Flipkart Home Page"]]>
              </value>
            </param>
          </params>
          <reporter-output>
          </reporter-output>
        </test-method> <!-- runScenario -->
        <test-method is-config="true" signature="tearDownClass()[pri:0, instance:com.flipkart.runners.TestRunner@564fabc8]" started-at="2026-02-12T15:58:28 IST" name="tearDownClass" finished-at="2026-02-12T15:58:29 IST" duration-ms="554" status="PASS">
          <reporter-output>
          </reporter-output>
        </test-method> <!-- tearDownClass -->
      </class> <!-- com.flipkart.runners.TestRunner -->
    </test> <!-- Flipkart Tests -->
  </suite> <!-- Flipkart Automation Suite -->
</testng-results>
