<?xml version="1.0" encoding="UTF-8"?>
<!-- Generated by org.testng.reporters.JUnitReportReporter -->
<testsuite hostname="LAPTOP-V15" failures="0" tests="14" name="com.flipkart.runners.TestRunner" time="255.099" errors="0" timestamp="2026-02-12T15:58:29 IST" skipped="0">
  <testcase classname="com.flipkart.runners.TestRunner" name="runScenario" time="19.512"/>
  <testcase classname="com.flipkart.runners.TestRunner" name="runScenario" time="21.416"/>
  <testcase classname="com.flipkart.runners.TestRunner" name="runScenario" time="19.051"/>
  <testcase classname="com.flipkart.runners.TestRunner" name="runScenario" time="16.542"/>
  <testcase classname="com.flipkart.runners.TestRunner" name="runScenario" time="14.155"/>
  <testcase classname="com.flipkart.runners.TestRunner" name="runScenario" time="19.460"/>
  <testcase classname="com.flipkart.runners.TestRunner" name="runScenario" time="17.443"/>
  <testcase classname="com.flipkart.runners.TestRunner" name="runScenario" time="19.096"/>
  <testcase classname="com.flipkart.runners.TestRunner" name="runScenario" time="19.165"/>
  <testcase classname="com.flipkart.runners.TestRunner" name="runScenario" time="15.219"/>
  <testcase classname="com.flipkart.runners.TestRunner" name="runScenario" time="19.824"/>
  <testcase classname="com.flipkart.runners.TestRunner" name="runScenario" time="22.538"/>
  <testcase classname="com.flipkart.runners.TestRunner" name="runScenario" time="19.100"/>
  <testcase classname="com.flipkart.runners.TestRunner" name="runScenario" time="12.578"/>
</testsuite> <!-- com.flipkart.runners.TestRunner -->
